app/build/intermediates/manifest_merge_blame_file/debug/manifest-merger-blame-debug-report.txt
1<?xml version="1.0" encoding="utf-8"?>
2<manifest xmlns:android="http://schemas.android.com/apk/res/android"
3    xmlns:app="http://schemas.android.com/apk/res-auto"
4    package="com.example.eatraw"
5    android:versionCode="1"
6    android:versionName="1.0" >
7
8    <uses-sdk
9        android:minSdkVersion="24"
10        android:targetSdkVersion="33" />
11
12    <uses-permission android:name="android.permission.INTERNET" />
12-->src\main\AndroidManifest.xml:6:5-67
12-->src\main\AndroidManifest.xml:6:22-64
13    <uses-permission android:name="android.permission.ACCESS_FINE_LOCATION" />
13-->src\main\AndroidManifest.xml:7:5-79
13-->src\main\AndroidManifest.xml:7:22-76
14    <uses-permission android:name="android.permission.ACCESS_COARSE_LOCATION" />
14-->src\main\AndroidManifest.xml:8:5-81
14-->src\main\AndroidManifest.xml:8:22-78
15
16    <uses-feature
16-->[com.naver.maps:map-sdk:3.17.0] AndroidManifest.xml:7:5-9:35
17        android:glEsVersion="0x00020000"
17-->[com.naver.maps:map-sdk:3.17.0] AndroidManifest.xml:8:9-41
18        android:required="true" />
18-->[com.naver.maps:map-sdk:3.17.0] AndroidManifest.xml:9:9-32
19    <uses-feature
19-->[com.naver.maps:map-sdk:3.17.0] AndroidManifest.xml:10:5-12:36
20        android:name="android.hardware.wifi"
20-->[com.naver.maps:map-sdk:3.17.0] AndroidManifest.xml:11:9-45
21        android:required="false" />
21-->[com.naver.maps:map-sdk:3.17.0] AndroidManifest.xml:12:9-33
22
23    <uses-permission android:name="android.permission.ACCESS_NETWORK_STATE" />
23-->[com.naver.maps:map-sdk:3.17.0] AndroidManifest.xml:15:5-79
23-->[com.naver.maps:map-sdk:3.17.0] AndroidManifest.xml:15:22-76
24    <uses-permission android:name="android.permission.ACCESS_WIFI_STATE" />
24-->[com.naver.maps:map-sdk:3.17.0] AndroidManifest.xml:16:5-76
24-->[com.naver.maps:map-sdk:3.17.0] AndroidManifest.xml:16:22-73
25    <uses-permission android:name="android.permission.WAKE_LOCK" />
25-->[com.google.android.gms:play-services-measurement:21.4.0] AndroidManifest.xml:25:5-68
25-->[com.google.android.gms:play-services-measurement:21.4.0] AndroidManifest.xml:25:22-65
26    <uses-permission android:name="com.google.android.finsky.permission.BIND_GET_INSTALL_REFERRER_SERVICE" />
26-->[com.google.android.gms:play-services-measurement:21.4.0] AndroidManifest.xml:26:5-110
26-->[com.google.android.gms:play-services-measurement:21.4.0] AndroidManifest.xml:26:22-107
27    <uses-permission android:name="com.google.android.gms.permission.AD_ID" />
27-->[com.google.android.gms:play-services-measurement-impl:21.4.0] AndroidManifest.xml:27:5-79
27-->[com.google.android.gms:play-services-measurement-impl:21.4.0] AndroidManifest.xml:27:22-76
28
29    <permission
29-->[androidx.core:core:1.12.0] AndroidManifest.xml:22:5-24:47
30        android:name="com.example.eatraw.DYNAMIC_RECEIVER_NOT_EXPORTED_PERMISSION"
30-->[androidx.core:core:1.12.0] AndroidManifest.xml:23:9-81
31        android:protectionLevel="signature" />
31-->[androidx.core:core:1.12.0] AndroidManifest.xml:24:9-44
32
33    <uses-permission android:name="com.example.eatraw.DYNAMIC_RECEIVER_NOT_EXPORTED_PERMISSION" />
33-->[androidx.core:core:1.12.0] AndroidManifest.xml:26:5-97
33-->[androidx.core:core:1.12.0] AndroidManifest.xml:26:22-94
34
35    <application
35-->src\main\AndroidManifest.xml:10:5-88:19
36        android:allowBackup="false"
36-->src\main\AndroidManifest.xml:11:9-36
37        android:appComponentFactory="androidx.core.app.CoreComponentFactory"
37-->src\main\AndroidManifest.xml:12:9-77
38        android:dataExtractionRules="@xml/data_extraction_rules"
38-->src\main\AndroidManifest.xml:13:9-65
39        android:debuggable="true"
40        android:extractNativeLibs="false"
41        android:fullBackupContent="@xml/backup_rules"
41-->src\main\AndroidManifest.xml:14:9-54
42        android:icon="@mipmap/ic_launcher"
42-->src\main\AndroidManifest.xml:15:9-43
43        android:label="@string/app_name"
43-->src\main\AndroidManifest.xml:16:9-41
44        android:roundIcon="@mipmap/ic_launcher_round"
44-->src\main\AndroidManifest.xml:17:9-54
45        android:supportsRtl="true"
45-->src\main\AndroidManifest.xml:18:9-35
46        android:testOnly="true"
47        android:theme="@style/Theme.EatRaw" >
47-->src\main\AndroidManifest.xml:19:9-44
48        <activity
48-->src\main\AndroidManifest.xml:22:9-24:40
49            android:name="com.example.eatraw.UpdateFishActivity"
49-->src\main\AndroidManifest.xml:23:13-47
50            android:exported="false" />
50-->src\main\AndroidManifest.xml:24:13-37
51
52        <meta-data
52-->src\main\AndroidManifest.xml:26:9-28:42
53            android:name="com.naver.maps.map.CLIENT_ID"
53-->src\main\AndroidManifest.xml:27:13-56
54            android:value="xvb0d2ii63" />
54-->src\main\AndroidManifest.xml:28:13-39
55
56        <activity
56-->src\main\AndroidManifest.xml:30:9-32:40
57            android:name="com.example.eatraw.banner.Banner3Activity"
57-->src\main\AndroidManifest.xml:31:13-51
58            android:exported="false" />
58-->src\main\AndroidManifest.xml:32:13-37
59        <activity
59-->src\main\AndroidManifest.xml:33:9-35:40
60            android:name="com.example.eatraw.banner.Banner2Activity"
60-->src\main\AndroidManifest.xml:34:13-51
61            android:exported="false" />
61-->src\main\AndroidManifest.xml:35:13-37
62        <activity
62-->src\main\AndroidManifest.xml:36:9-38:40
63            android:name="com.example.eatraw.banner.Banner1Activity"
63-->src\main\AndroidManifest.xml:37:13-51
64            android:exported="false" />
64-->src\main\AndroidManifest.xml:38:13-37
65        <activity
65-->src\main\AndroidManifest.xml:39:9-41:40
66            android:name="com.example.eatraw.AddFishActivity"
66-->src\main\AndroidManifest.xml:40:13-44
67            android:exported="false" />
67-->src\main\AndroidManifest.xml:41:13-37
68        <activity
68-->src\main\AndroidManifest.xml:42:9-48:20
69            android:name="com.example.eatraw.AdminActivity"
69-->src\main\AndroidManifest.xml:43:13-42
70            android:exported="false"
70-->src\main\AndroidManifest.xml:44:13-37
71            android:label="@string/title_activity_admin"
71-->src\main\AndroidManifest.xml:45:13-57
72            android:theme="@style/Theme.EatRaw.NoActionBar" >
72-->src\main\AndroidManifest.xml:46:13-60
73        </activity>
74        <activity
74-->src\main\AndroidManifest.xml:49:9-51:39
75            android:name="com.example.eatraw.SplashActivity"
75-->src\main\AndroidManifest.xml:50:13-43
76            android:exported="true" />
76-->src\main\AndroidManifest.xml:51:13-36
77        <activity
77-->src\main\AndroidManifest.xml:52:9-54:40
78            android:name="com.example.eatraw.ComparingPriceDetailActivity"
78-->src\main\AndroidManifest.xml:53:13-57
79            android:exported="false" />
79-->src\main\AndroidManifest.xml:54:13-37
80        <activity
80-->src\main\AndroidManifest.xml:55:9-57:40
81            android:name="com.example.eatraw.ComparingPriceListActivity"
81-->src\main\AndroidManifest.xml:56:13-55
82            android:exported="false" />
82-->src\main\AndroidManifest.xml:57:13-37
83        <activity
83-->src\main\AndroidManifest.xml:58:9-60:40
84            android:name="com.example.eatraw.WriteActivity"
84-->src\main\AndroidManifest.xml:59:13-42
85            android:exported="false" />
85-->src\main\AndroidManifest.xml:60:13-37
86        <activity
86-->src\main\AndroidManifest.xml:61:9-63:40
87            android:name="com.example.eatraw.RegisterActivity"
87-->src\main\AndroidManifest.xml:62:13-45
88            android:exported="false" />
88-->src\main\AndroidManifest.xml:63:13-37
89        <activity
89-->src\main\AndroidManifest.xml:64:9-66:39
90            android:name="com.example.eatraw.LoginActivity"
90-->src\main\AndroidManifest.xml:65:13-42
91            android:exported="true" />
91-->src\main\AndroidManifest.xml:66:13-36
92        <activity
92-->src\main\AndroidManifest.xml:67:9-69:40
93            android:name="com.example.eatraw.DetailActivity"
93-->src\main\AndroidManifest.xml:68:13-43
94            android:exported="false" />
94-->src\main\AndroidManifest.xml:69:13-37
95        <activity
95-->src\main\AndroidManifest.xml:70:9-72:39
96            android:name="com.example.eatraw.ReviewActivity"
96-->src\main\AndroidManifest.xml:71:13-43
97            android:exported="true" />
97-->src\main\AndroidManifest.xml:72:13-36
98        <activity
98-->src\main\AndroidManifest.xml:73:9-75:40
99            android:name="com.example.eatraw.MypageActivity"
99-->src\main\AndroidManifest.xml:74:13-43
100            android:exported="false" />
100-->src\main\AndroidManifest.xml:75:13-37
101        <activity
101-->src\main\AndroidManifest.xml:76:9-78:40
102            android:name="com.example.eatraw.QuoteActivity"
102-->src\main\AndroidManifest.xml:77:13-42
103            android:exported="false" />
103-->src\main\AndroidManifest.xml:78:13-37
104        <activity
104-->src\main\AndroidManifest.xml:79:9-87:20
105            android:name="com.example.eatraw.MainActivity"
105-->src\main\AndroidManifest.xml:80:13-41
106            android:exported="true" >
106-->src\main\AndroidManifest.xml:81:13-36
107            <intent-filter>
107-->src\main\AndroidManifest.xml:82:13-86:29
108                <action android:name="android.intent.action.MAIN" />
108-->src\main\AndroidManifest.xml:83:17-69
108-->src\main\AndroidManifest.xml:83:25-66
109
110                <category android:name="android.intent.category.LAUNCHER" />
110-->src\main\AndroidManifest.xml:85:17-77
110-->src\main\AndroidManifest.xml:85:27-74
111            </intent-filter>
112        </activity>
113        <activity
113-->[com.naver.maps:map-sdk:3.17.0] AndroidManifest.xml:19:9-23:51
114            android:name="com.naver.maps.map.app.LegendActivity"
114-->[com.naver.maps:map-sdk:3.17.0] AndroidManifest.xml:20:13-65
115            android:configChanges="screenSize|smallestScreenSize|screenLayout|orientation"
115-->[com.naver.maps:map-sdk:3.17.0] AndroidManifest.xml:21:13-91
116            android:label="@string/navermap_legend"
116-->[com.naver.maps:map-sdk:3.17.0] AndroidManifest.xml:22:13-52
117            android:theme="@style/navermap_app" />
117-->[com.naver.maps:map-sdk:3.17.0] AndroidManifest.xml:23:13-48
118        <activity
118-->[com.naver.maps:map-sdk:3.17.0] AndroidManifest.xml:24:9-28:51
119            android:name="com.naver.maps.map.app.LegalNoticeActivity"
119-->[com.naver.maps:map-sdk:3.17.0] AndroidManifest.xml:25:13-70
120            android:configChanges="screenSize|smallestScreenSize|screenLayout|orientation"
120-->[com.naver.maps:map-sdk:3.17.0] AndroidManifest.xml:26:13-91
121            android:label="@string/navermap_legal_notice"
121-->[com.naver.maps:map-sdk:3.17.0] AndroidManifest.xml:27:13-58
122            android:theme="@style/navermap_app" />
122-->[com.naver.maps:map-sdk:3.17.0] AndroidManifest.xml:28:13-48
123        <activity
123-->[com.naver.maps:map-sdk:3.17.0] AndroidManifest.xml:29:9-33:51
124            android:name="com.naver.maps.map.app.OpenSourceLicenseActivity"
124-->[com.naver.maps:map-sdk:3.17.0] AndroidManifest.xml:30:13-76
125            android:configChanges="screenSize|smallestScreenSize|screenLayout|orientation"
125-->[com.naver.maps:map-sdk:3.17.0] AndroidManifest.xml:31:13-91
126            android:label="@string/navermap_open_source_license"
126-->[com.naver.maps:map-sdk:3.17.0] AndroidManifest.xml:32:13-65
127            android:theme="@style/navermap_app" />
127-->[com.naver.maps:map-sdk:3.17.0] AndroidManifest.xml:33:13-48
128        <activity
128-->[com.google.android.gms:play-services-auth:20.7.0] AndroidManifest.xml:23:9-27:75
129            android:name="com.google.android.gms.auth.api.signin.internal.SignInHubActivity"
129-->[com.google.android.gms:play-services-auth:20.7.0] AndroidManifest.xml:24:13-93
130            android:excludeFromRecents="true"
130-->[com.google.android.gms:play-services-auth:20.7.0] AndroidManifest.xml:25:13-46
131            android:exported="false"
131-->[com.google.android.gms:play-services-auth:20.7.0] AndroidManifest.xml:26:13-37
132            android:theme="@android:style/Theme.Translucent.NoTitleBar" />
132-->[com.google.android.gms:play-services-auth:20.7.0] AndroidManifest.xml:27:13-72
133        <!--
134            Service handling Google Sign-In user revocation. For apps that do not integrate with
135            Google Sign-In, this service will never be started.
136        -->
137        <service
137-->[com.google.android.gms:play-services-auth:20.7.0] AndroidManifest.xml:33:9-37:51
138            android:name="com.google.android.gms.auth.api.signin.RevocationBoundService"
138-->[com.google.android.gms:play-services-auth:20.7.0] AndroidManifest.xml:34:13-89
139            android:exported="true"
139-->[com.google.android.gms:play-services-auth:20.7.0] AndroidManifest.xml:35:13-36
140            android:permission="com.google.android.gms.auth.api.signin.permission.REVOCATION_NOTIFICATION"
140-->[com.google.android.gms:play-services-auth:20.7.0] AndroidManifest.xml:36:13-107
141            android:visibleToInstantApps="true" />
141-->[com.google.android.gms:play-services-auth:20.7.0] AndroidManifest.xml:37:13-48
142
143        <activity
143-->[com.google.firebase:firebase-auth:22.2.0] AndroidManifest.xml:29:9-46:20
144            android:name="com.google.firebase.auth.internal.GenericIdpActivity"
144-->[com.google.firebase:firebase-auth:22.2.0] AndroidManifest.xml:30:13-80
145            android:excludeFromRecents="true"
145-->[com.google.firebase:firebase-auth:22.2.0] AndroidManifest.xml:31:13-46
146            android:exported="true"
146-->[com.google.firebase:firebase-auth:22.2.0] AndroidManifest.xml:32:13-36
147            android:launchMode="singleTask"
147-->[com.google.firebase:firebase-auth:22.2.0] AndroidManifest.xml:33:13-44
148            android:theme="@android:style/Theme.Translucent.NoTitleBar" >
148-->[com.google.firebase:firebase-auth:22.2.0] AndroidManifest.xml:34:13-72
149            <intent-filter>
149-->[com.google.firebase:firebase-auth:22.2.0] AndroidManifest.xml:35:13-45:29
150                <action android:name="android.intent.action.VIEW" />
150-->[com.google.firebase:firebase-auth:22.2.0] AndroidManifest.xml:36:17-69
150-->[com.google.firebase:firebase-auth:22.2.0] AndroidManifest.xml:36:25-66
151
152                <category android:name="android.intent.category.DEFAULT" />
152-->[com.google.firebase:firebase-auth:22.2.0] AndroidManifest.xml:38:17-76
152-->[com.google.firebase:firebase-auth:22.2.0] AndroidManifest.xml:38:27-73
153                <category android:name="android.intent.category.BROWSABLE" />
153-->[com.google.firebase:firebase-auth:22.2.0] AndroidManifest.xml:39:17-78
153-->[com.google.firebase:firebase-auth:22.2.0] AndroidManifest.xml:39:27-75
154
155                <data
155-->[com.google.firebase:firebase-auth:22.2.0] AndroidManifest.xml:41:17-44:51
156                    android:host="firebase.auth"
156-->[com.google.firebase:firebase-auth:22.2.0] AndroidManifest.xml:42:21-49
157                    android:path="/"
157-->[com.google.firebase:firebase-auth:22.2.0] AndroidManifest.xml:43:21-37
158                    android:scheme="genericidp" />
158-->[com.google.firebase:firebase-auth:22.2.0] AndroidManifest.xml:44:21-48
159            </intent-filter>
160        </activity>
161        <activity
161-->[com.google.firebase:firebase-auth:22.2.0] AndroidManifest.xml:47:9-64:20
162            android:name="com.google.firebase.auth.internal.RecaptchaActivity"
162-->[com.google.firebase:firebase-auth:22.2.0] AndroidManifest.xml:48:13-79
163            android:excludeFromRecents="true"
163-->[com.google.firebase:firebase-auth:22.2.0] AndroidManifest.xml:49:13-46
164            android:exported="true"
164-->[com.google.firebase:firebase-auth:22.2.0] AndroidManifest.xml:50:13-36
165            android:launchMode="singleTask"
165-->[com.google.firebase:firebase-auth:22.2.0] AndroidManifest.xml:51:13-44
166            android:theme="@android:style/Theme.Translucent.NoTitleBar" >
166-->[com.google.firebase:firebase-auth:22.2.0] AndroidManifest.xml:52:13-72
167            <intent-filter>
167-->[com.google.firebase:firebase-auth:22.2.0] AndroidManifest.xml:53:13-63:29
168                <action android:name="android.intent.action.VIEW" />
168-->[com.google.firebase:firebase-auth:22.2.0] AndroidManifest.xml:36:17-69
168-->[com.google.firebase:firebase-auth:22.2.0] AndroidManifest.xml:36:25-66
169
170                <category android:name="android.intent.category.DEFAULT" />
170-->[com.google.firebase:firebase-auth:22.2.0] AndroidManifest.xml:38:17-76
170-->[com.google.firebase:firebase-auth:22.2.0] AndroidManifest.xml:38:27-73
171                <category android:name="android.intent.category.BROWSABLE" />
171-->[com.google.firebase:firebase-auth:22.2.0] AndroidManifest.xml:39:17-78
171-->[com.google.firebase:firebase-auth:22.2.0] AndroidManifest.xml:39:27-75
172
173                <data
173-->[com.google.firebase:firebase-auth:22.2.0] AndroidManifest.xml:41:17-44:51
174                    android:host="firebase.auth"
174-->[com.google.firebase:firebase-auth:22.2.0] AndroidManifest.xml:42:21-49
175                    android:path="/"
175-->[com.google.firebase:firebase-auth:22.2.0] AndroidManifest.xml:43:21-37
176                    android:scheme="recaptcha" />
176-->[com.google.firebase:firebase-auth:22.2.0] AndroidManifest.xml:44:21-48
177            </intent-filter>
178        </activity>
179
180        <service
180-->[com.google.firebase:firebase-auth:22.2.0] AndroidManifest.xml:66:9-72:19
181            android:name="com.google.firebase.components.ComponentDiscoveryService"
181-->[com.google.firebase:firebase-auth:22.2.0] AndroidManifest.xml:67:13-84
182            android:directBootAware="true"
182-->[com.google.firebase:firebase-common:20.4.2] AndroidManifest.xml:32:13-43
183            android:exported="false" >
183-->[com.google.firebase:firebase-auth:22.2.0] AndroidManifest.xml:68:13-37
184            <meta-data
184-->[com.google.firebase:firebase-auth:22.2.0] AndroidManifest.xml:69:13-71:85
185                android:name="com.google.firebase.components:com.google.firebase.auth.FirebaseAuthRegistrar"
185-->[com.google.firebase:firebase-auth:22.2.0] AndroidManifest.xml:70:17-109
186                android:value="com.google.firebase.components.ComponentRegistrar" />
186-->[com.google.firebase:firebase-auth:22.2.0] AndroidManifest.xml:71:17-82
187            <meta-data
187-->[com.google.firebase:firebase-database:20.3.0] AndroidManifest.xml:29:13-31:85
188                android:name="com.google.firebase.components:com.google.firebase.database.FirebaseDatabaseKtxRegistrar"
188-->[com.google.firebase:firebase-database:20.3.0] AndroidManifest.xml:30:17-120
189                android:value="com.google.firebase.components.ComponentRegistrar" />
189-->[com.google.firebase:firebase-database:20.3.0] AndroidManifest.xml:31:17-82
190            <meta-data
190-->[com.google.firebase:firebase-database:20.3.0] AndroidManifest.xml:32:13-34:85
191                android:name="com.google.firebase.components:com.google.firebase.database.DatabaseRegistrar"
191-->[com.google.firebase:firebase-database:20.3.0] AndroidManifest.xml:33:17-109
192                android:value="com.google.firebase.components.ComponentRegistrar" />
192-->[com.google.firebase:firebase-database:20.3.0] AndroidManifest.xml:34:17-82
193            <meta-data
193-->[com.google.firebase:firebase-firestore-ktx:24.9.1] AndroidManifest.xml:12:13-14:85
194                android:name="com.google.firebase.components:com.google.firebase.firestore.ktx.FirebaseFirestoreLegacyRegistrar"
194-->[com.google.firebase:firebase-firestore-ktx:24.9.1] AndroidManifest.xml:13:17-129
195                android:value="com.google.firebase.components.ComponentRegistrar" />
195-->[com.google.firebase:firebase-firestore-ktx:24.9.1] AndroidManifest.xml:14:17-82
196            <meta-data
196-->[com.google.firebase:firebase-firestore:24.9.1] AndroidManifest.xml:17:13-19:85
197                android:name="com.google.firebase.components:com.google.firebase.firestore.FirebaseFirestoreKtxRegistrar"
197-->[com.google.firebase:firebase-firestore:24.9.1] AndroidManifest.xml:18:17-122
198                android:value="com.google.firebase.components.ComponentRegistrar" />
198-->[com.google.firebase:firebase-firestore:24.9.1] AndroidManifest.xml:19:17-82
199            <meta-data
199-->[com.google.firebase:firebase-firestore:24.9.1] AndroidManifest.xml:20:13-22:85
200                android:name="com.google.firebase.components:com.google.firebase.firestore.FirestoreRegistrar"
200-->[com.google.firebase:firebase-firestore:24.9.1] AndroidManifest.xml:21:17-111
201                android:value="com.google.firebase.components.ComponentRegistrar" />
201-->[com.google.firebase:firebase-firestore:24.9.1] AndroidManifest.xml:22:17-82
202            <meta-data
202-->[com.google.firebase:firebase-storage-ktx:20.3.0] AndroidManifest.xml:12:13-14:85
203                android:name="com.google.firebase.components:com.google.firebase.storage.ktx.FirebaseStorageLegacyRegistrar"
203-->[com.google.firebase:firebase-storage-ktx:20.3.0] AndroidManifest.xml:13:17-125
204                android:value="com.google.firebase.components.ComponentRegistrar" />
204-->[com.google.firebase:firebase-storage-ktx:20.3.0] AndroidManifest.xml:14:17-82
205            <meta-data
205-->[com.google.firebase:firebase-storage:20.3.0] AndroidManifest.xml:30:13-32:85
206                android:name="com.google.firebase.components:com.google.firebase.storage.FirebaseStorageKtxRegistrar"
206-->[com.google.firebase:firebase-storage:20.3.0] AndroidManifest.xml:31:17-118
207                android:value="com.google.firebase.components.ComponentRegistrar" />
207-->[com.google.firebase:firebase-storage:20.3.0] AndroidManifest.xml:32:17-82
208            <meta-data
208-->[com.google.firebase:firebase-storage:20.3.0] AndroidManifest.xml:33:13-35:85
209                android:name="com.google.firebase.components:com.google.firebase.storage.StorageRegistrar"
209-->[com.google.firebase:firebase-storage:20.3.0] AndroidManifest.xml:34:17-107
210                android:value="com.google.firebase.components.ComponentRegistrar" />
210-->[com.google.firebase:firebase-storage:20.3.0] AndroidManifest.xml:35:17-82
211            <meta-data
211-->[com.google.firebase:firebase-appcheck:17.1.1] AndroidManifest.xml:25:13-27:85
212                android:name="com.google.firebase.components:com.google.firebase.appcheck.FirebaseAppCheckKtxRegistrar"
212-->[com.google.firebase:firebase-appcheck:17.1.1] AndroidManifest.xml:26:17-120
213                android:value="com.google.firebase.components.ComponentRegistrar" />
213-->[com.google.firebase:firebase-appcheck:17.1.1] AndroidManifest.xml:27:17-82
214            <meta-data
214-->[com.google.firebase:firebase-appcheck:17.1.1] AndroidManifest.xml:28:13-30:85
215                android:name="com.google.firebase.components:com.google.firebase.appcheck.FirebaseAppCheckRegistrar"
215-->[com.google.firebase:firebase-appcheck:17.1.1] AndroidManifest.xml:29:17-117
216                android:value="com.google.firebase.components.ComponentRegistrar" />
216-->[com.google.firebase:firebase-appcheck:17.1.1] AndroidManifest.xml:30:17-82
217            <meta-data
217-->[com.google.firebase:firebase-analytics-ktx:21.4.0] AndroidManifest.xml:11:13-13:85
218                android:name="com.google.firebase.components:com.google.firebase.analytics.ktx.FirebaseAnalyticsLegacyRegistrar"
218-->[com.google.firebase:firebase-analytics-ktx:21.4.0] AndroidManifest.xml:12:17-129
219                android:value="com.google.firebase.components.ComponentRegistrar" />
219-->[com.google.firebase:firebase-analytics-ktx:21.4.0] AndroidManifest.xml:13:17-82
220            <meta-data
220-->[com.google.android.gms:play-services-measurement-api:21.4.0] AndroidManifest.xml:31:13-33:85
221                android:name="com.google.firebase.components:com.google.firebase.analytics.connector.internal.AnalyticsConnectorRegistrar"
221-->[com.google.android.gms:play-services-measurement-api:21.4.0] AndroidManifest.xml:32:17-139
222                android:value="com.google.firebase.components.ComponentRegistrar" />
222-->[com.google.android.gms:play-services-measurement-api:21.4.0] AndroidManifest.xml:33:17-82
223            <meta-data
223-->[com.google.firebase:firebase-installations:17.2.0] AndroidManifest.xml:15:13-17:85
224                android:name="com.google.firebase.components:com.google.firebase.installations.FirebaseInstallationsKtxRegistrar"
224-->[com.google.firebase:firebase-installations:17.2.0] AndroidManifest.xml:16:17-130
225                android:value="com.google.firebase.components.ComponentRegistrar" />
225-->[com.google.firebase:firebase-installations:17.2.0] AndroidManifest.xml:17:17-82
226            <meta-data
226-->[com.google.firebase:firebase-installations:17.2.0] AndroidManifest.xml:18:13-20:85
227                android:name="com.google.firebase.components:com.google.firebase.installations.FirebaseInstallationsRegistrar"
227-->[com.google.firebase:firebase-installations:17.2.0] AndroidManifest.xml:19:17-127
228                android:value="com.google.firebase.components.ComponentRegistrar" />
228-->[com.google.firebase:firebase-installations:17.2.0] AndroidManifest.xml:20:17-82
229            <meta-data
229-->[com.google.firebase:firebase-common-ktx:20.4.2] AndroidManifest.xml:12:13-14:85
230                android:name="com.google.firebase.components:com.google.firebase.ktx.FirebaseCommonLegacyRegistrar"
230-->[com.google.firebase:firebase-common-ktx:20.4.2] AndroidManifest.xml:13:17-116
231                android:value="com.google.firebase.components.ComponentRegistrar" />
231-->[com.google.firebase:firebase-common-ktx:20.4.2] AndroidManifest.xml:14:17-82
232            <meta-data
232-->[com.google.firebase:firebase-common:20.4.2] AndroidManifest.xml:35:13-37:85
233                android:name="com.google.firebase.components:com.google.firebase.FirebaseCommonKtxRegistrar"
233-->[com.google.firebase:firebase-common:20.4.2] AndroidManifest.xml:36:17-109
234                android:value="com.google.firebase.components.ComponentRegistrar" />
234-->[com.google.firebase:firebase-common:20.4.2] AndroidManifest.xml:37:17-82
235        </service>
236
237        <activity
237-->[com.google.android.gms:play-services-base:18.1.0] AndroidManifest.xml:20:9-22:45
238            android:name="com.google.android.gms.common.api.GoogleApiActivity"
238-->[com.google.android.gms:play-services-base:18.1.0] AndroidManifest.xml:20:19-85
239            android:exported="false"
239-->[com.google.android.gms:play-services-base:18.1.0] AndroidManifest.xml:22:19-43
240            android:theme="@android:style/Theme.Translucent.NoTitleBar" />
240-->[com.google.android.gms:play-services-base:18.1.0] AndroidManifest.xml:21:19-78
241
242        <provider
242-->[androidx.emoji2:emoji2:1.2.0] AndroidManifest.xml:24:9-32:20
243            android:name="androidx.startup.InitializationProvider"
243-->[androidx.emoji2:emoji2:1.2.0] AndroidManifest.xml:25:13-67
244            android:authorities="com.example.eatraw.androidx-startup"
244-->[androidx.emoji2:emoji2:1.2.0] AndroidManifest.xml:26:13-68
245            android:exported="false" >
245-->[androidx.emoji2:emoji2:1.2.0] AndroidManifest.xml:27:13-37
246            <meta-data
246-->[androidx.emoji2:emoji2:1.2.0] AndroidManifest.xml:29:13-31:52
247                android:name="androidx.emoji2.text.EmojiCompatInitializer"
247-->[androidx.emoji2:emoji2:1.2.0] AndroidManifest.xml:30:17-75
248                android:value="androidx.startup" />
248-->[androidx.emoji2:emoji2:1.2.0] AndroidManifest.xml:31:17-49
249            <meta-data
249-->[androidx.lifecycle:lifecycle-process:2.6.2] AndroidManifest.xml:29:13-31:52
250                android:name="androidx.lifecycle.ProcessLifecycleInitializer"
250-->[androidx.lifecycle:lifecycle-process:2.6.2] AndroidManifest.xml:30:17-78
251                android:value="androidx.startup" />
251-->[androidx.lifecycle:lifecycle-process:2.6.2] AndroidManifest.xml:31:17-49
252            <meta-data
252-->[androidx.profileinstaller:profileinstaller:1.3.0] AndroidManifest.xml:29:13-31:52
253                android:name="androidx.profileinstaller.ProfileInstallerInitializer"
253-->[androidx.profileinstaller:profileinstaller:1.3.0] AndroidManifest.xml:30:17-85
254                android:value="androidx.startup" />
254-->[androidx.profileinstaller:profileinstaller:1.3.0] AndroidManifest.xml:31:17-49
255        </provider>
256
257        <receiver
257-->[com.google.android.gms:play-services-measurement:21.4.0] AndroidManifest.xml:29:9-33:20
258            android:name="com.google.android.gms.measurement.AppMeasurementReceiver"
258-->[com.google.android.gms:play-services-measurement:21.4.0] AndroidManifest.xml:30:13-85
259            android:enabled="true"
259-->[com.google.android.gms:play-services-measurement:21.4.0] AndroidManifest.xml:31:13-35
260            android:exported="false" >
260-->[com.google.android.gms:play-services-measurement:21.4.0] AndroidManifest.xml:32:13-37
261        </receiver>
262
263        <service
263-->[com.google.android.gms:play-services-measurement:21.4.0] AndroidManifest.xml:35:9-38:40
264            android:name="com.google.android.gms.measurement.AppMeasurementService"
264-->[com.google.android.gms:play-services-measurement:21.4.0] AndroidManifest.xml:36:13-84
265            android:enabled="true"
265-->[com.google.android.gms:play-services-measurement:21.4.0] AndroidManifest.xml:37:13-35
266            android:exported="false" />
266-->[com.google.android.gms:play-services-measurement:21.4.0] AndroidManifest.xml:38:13-37
267        <service
267-->[com.google.android.gms:play-services-measurement:21.4.0] AndroidManifest.xml:39:9-43:72